<?xml version="1.0" encoding="UTF-8"?>
<!-- Generated by org.testng.reporters.JUnitReportReporter -->
<testsuite hostname="DESKTOP-JU2A092" failures="0" tests="3" name="test.AnnotationSequence" time="0.011" errors="0" timestamp="2024-08-17T16:44:36 IST" skipped="0">
  <testcase classname="test.AnnotationSequence" name="testCase01" time="0.006"/>
  <testcase classname="test.AnnotationSequence" name="testCase02" time="0.003"/>
  <testcase classname="test.AnnotationSequence" name="testCase03" time="0.002"/>
</testsuite> <!-- test.AnnotationSequence -->
