<?xml version="1.0" encoding="UTF-8"?>
<!-- Generated by org.testng.reporters.JUnitReportReporter -->
<testsuite hostname="DESKTOP-JU2A092" failures="0" tests="3" name="AnnotationSequence" time="0.015" errors="0" timestamp="2024-08-17T15:41:21 IST" skipped="0">
  <testcase classname="AnnotationSequence" name="testCase03" time="0.002"/>
  <testcase classname="AnnotationSequence" name="testCase01" time="0.009"/>
  <testcase classname="AnnotationSequence" name="testCase02" time="0.004"/>
</testsuite> <!-- AnnotationSequence -->
