<?xml version="1.0" encoding="UTF-8"?>
<!-- Generated by org.testng.reporters.JUnitReportReporter -->
<testsuite hostname="DESKTOP-JU2A092" failures="0" tests="1" name="PriorityTest" time="0.016" errors="0" timestamp="2024-08-17T15:51:50 IST" skipped="0">
  <testcase classname="PriorityTest" name="testCase03" time="0.016"/>
</testsuite> <!-- PriorityTest -->
