<?xml version="1.0" encoding="UTF-8"?>
<!-- Generated by org.testng.reporters.JUnitReportReporter -->
<testsuite hostname="DESKTOP-JU2A092" failures="0" tests="1" name="test.ParametersTest" time="4.902" errors="0" timestamp="2024-08-17T16:57:56 IST" skipped="0">
  <testcase classname="test.ParametersTest" name="loginPage" time="4.902"/>
</testsuite> <!-- test.ParametersTest -->
